<?xml version="1.0" encoding="UTF-8"?>
<!-- Generated by org.testng.reporters.JUnitReportReporter -->
<testsuite hostname="DESKTOP-RK99LK2" name="com.qa.api.gorest.tests.GetUserTest" tests="2" failures="0" timestamp="26 Mar 2021 14:21:38 GMT" time="3.896" errors="1">
  <testcase name="getAllUserListAPITest" time="1.642" classname="com.qa.api.gorest.tests.GetUserTest"/>
  <testcase name="getUserWithQueryParamsAPITest" time="2.254" classname="com.qa.api.gorest.tests.GetUserTest">
    <error type="java.lang.NullPointerException">
      <![CDATA[java.lang.NullPointerException
	at com.qa.api.gorest.tests.GetUserTest.getUserWithQueryParamsAPITest(GetUserTest.java:64)
	at sun.reflect.NativeMethodAccessorImpl.invoke0(Native Method)
	at sun.reflect.NativeMethodAccessorImpl.invoke(Unknown Source)
	at sun.reflect.DelegatingMethodAccessorImpl.invoke(Unknown Source)
	at java.lang.reflect.Method.invoke(Unknown Source)
	at org.testng.internal.MethodInvocationHelper.invokeMethod(MethodInvocationHelper.java:100)
	at org.testng.internal.Invoker.invokeMethod(Invoker.java:646)
	at org.testng.internal.Invoker.invokeTestMethod(Invoker.java:811)
	at org.testng.internal.Invoker.invokeTestMethods(Invoker.java:1129)
	at org.testng.internal.TestMethodWorker.invokeTestMethods(TestMethodWorker.java:129)
	at org.testng.internal.TestMethodWorker.run(TestMethodWorker.java:112)
	at java.util.concurrent.ThreadPoolExecutor.runWorker(Unknown Source)
	at java.util.concurrent.ThreadPoolExecutor$Worker.run(Unknown Source)
	at java.lang.Thread.run(Unknown Source)
]]>
    </error>
  </testcase> <!-- getUserWithQueryParamsAPITest -->
</testsuite> <!-- com.qa.api.gorest.tests.GetUserTest -->
